2024-12-03 22:01:33 ERROR - Account creation failed due to Branch with code 11111 does not exist
2024-12-03 22:02:45 INFO  - Account with info: {account number: 99******75, account holder name: masoome aghayari, account opener branch: karimkhan-11111, account balance: 1000000, created date: Tue Dec 03 22:02:45 IRST 2024} successfully created
2024-12-03 22:03:07 ERROR - Account creation failed due to Account creation failed due to {0}
2024-12-03 22:03:27 INFO  - Account with info: {account number: 86******69, account holder name: masoome aghayari, account opener branch: tehranpars-22222, account balance: 20000000, created date: Tue Dec 03 22:03:27 IRST 2024} successfully created
2024-12-03 22:04:29 ERROR - Account creation failed due to Accou    nt creation failed due to {0}
2024-12-03 22:05:16 ERROR - Account creation failed due to Account creation failed due to {0}
2024-12-03 22:06:45 ERROR - Account creation failed due to Account creation failed due to {0}
2024-12-03 22:07:26 ERROR - Account creation failed due to Branch with code 11111 does not exist
2024-12-03 22:08:06 INFO  - Account with info: {account number: 96******59, account holder name: masoome aghayari, account opener branch: karimkhan-11111, account balance: 20000000, created date: Tue Dec 03 22:08:04 IRST 2024} successfully created
2024-12-03 22:08:26 ERROR - Account creation failed due to Account creation failed due to could not execute statement [Unique index or primary key violation: "PUBLIC.UNIQUE_PERSON_BRANCH_CONSTRAINT_INDEX_1 ON PUBLIC.BANK_ACCOUNT(PERSON_NATIONAL_ID NULLS FIRST, BRANCH_CODE NULLS FIRST) VALUES ( /* key:1 */ '4310928838', '11111')"; SQL statement:
insert into bank_account (account_number,balance,branch_code,created_date,person_national_id,version,id) values (?,?,?,?,?,?,default) [23505-232]] [insert into bank_account (account_number,balance,branch_code,created_date,person_national_id,version,id) values (?,?,?,?,?,?,default)]; SQL [insert into bank_account (account_number,balance,branch_code,created_date,person_national_id,version,id) values (?,?,?,?,?,?,default)]; constraint [PUBLIC.UNIQUE_PERSON_BRANCH_CONSTRAINT_INDEX_1]
2024-12-03 22:28:18 ERROR - Account creation failed due to Branch with code 11111 does not exist
2024-12-03 22:29:07 INFO  - Account with info: {account number: 26******81, account holder name: masoome aghayari, account opener branch: karimkhan-11111, account balance: 1000000, created date: Tue Dec 03 22:29:05 IRST 2024} successfully created
2024-12-03 22:29:16 ERROR - Account creation failed due to Account creation failed due to could not execute statement [Unique index or primary key violation: "PUBLIC.UNIQUE_PERSON_BRANCH_CONSTRAINT_INDEX_1 ON PUBLIC.BANK_ACCOUNT(PERSON_NATIONAL_ID NULLS FIRST, BRANCH_CODE NULLS FIRST) VALUES ( /* key:1 */ '4310928838', '11111')"; SQL statement:
insert into bank_account (account_number,balance,branch_code,created_date,person_national_id,version,id) values (?,?,?,?,?,?,default) [23505-232]] [insert into bank_account (account_number,balance,branch_code,created_date,person_national_id,version,id) values (?,?,?,?,?,?,default)]; SQL [insert into bank_account (account_number,balance,branch_code,created_date,person_national_id,version,id) values (?,?,?,?,?,?,default)]; constraint [PUBLIC.UNIQUE_PERSON_BRANCH_CONSTRAINT_INDEX_1]
2024-12-03 22:29:33 INFO  - Account with info: {account number: 65******95, account holder name: masoome aghayari, account opener branch: tehranpars-22222, account balance: 20000000, created date: Tue Dec 03 22:29:33 IRST 2024} successfully created
2024-12-03 22:40:19 INFO  - Account with info: {account number: 24******58, account holder name: masoome aghayari, account opener branch: tehranpars-22222, account balance: 20000000, created date: Tue Dec 03 22:40:17 IRST 2024} successfully created
2024-12-03 22:40:40 INFO  - Account with info: {account number: 12******85, account holder name: masoome aghayari, account opener branch: karimkhan-11111, account balance: 1000000, created date: Tue Dec 03 22:40:38 IRST 2024} successfully created
2024-12-03 22:40:51 ERROR - Account creation failed due to Branch with code 2222222 does not exist
2024-12-03 23:06:48 INFO  - Account with info: {account number: 86******78, account holder name: masoome aghayari, account opener branch: karimkhan-11111, account balance: 1000000, created date: Tue Dec 03 23:06:46 IRST 2024} successfully created
2024-12-03 23:07:05 INFO  - Account with info: {account number: 11******34, account holder name: masoome aghayari, account opener branch: tehranpars-22222, account balance: 20000000, created date: Tue Dec 03 23:07:01 IRST 2024} successfully created
2024-12-03 23:07:15 ERROR - Account creation failed due to Branch with code 33333 does not exist
2024-12-03 23:16:09 INFO  - Account with info: {account number: 25******39, account holder name: masoome aghayari, account opener branch: karimkhan-11111, account balance: 20000000, created date: Tue Dec 03 23:16:09 IRST 2024} successfully created
2024-12-03 23:16:29 INFO  - Account with info: {account number: 47******59, account holder name: masoome aghayari, account opener branch: tehranpars-22222, account balance: 1000000, created date: Tue Dec 03 23:16:29 IRST 2024} successfully created
2024-12-03 23:23:33 INFO  - Account with info: {account number: 11******65, account holder name: masoome aghayari, account opener branch: tehranpars-22222, account balance: 1000000, created date: Tue Dec 03 23:23:33 IRST 2024} successfully created
2024-12-03 23:23:38 INFO  - Account with info: {account number: 39******23, account holder name: masoome aghayari, account opener branch: karimkhan-11111, account balance: 20000000, created date: Tue Dec 03 23:23:38 IRST 2024} successfully created
2024-12-03 23:34:38 INFO  - Account with info: {account number: 25******39, account holder name: masoome aghayari, account opener branch: karimkhan-11111, account balance: 20000000, created date: Tue Dec 03 23:34:38 IRST 2024} successfully created
2024-12-03 23:34:54 INFO  - Account with info: {account number: 88******46, account holder name: masoome aghayari, account opener branch: tehranpars-22222, account balance: 1000000, created date: Tue Dec 03 23:34:54 IRST 2024} successfully created
2024-12-03 23:40:42 INFO  - Account with info: {account number: 44******93, account holder name: masoome aghayari, account opener branch: tehranpars-22222, account balance: 1000000, created date: Tue Dec 03 23:40:42 IRST 2024} successfully created
2024-12-03 23:40:47 INFO  - Account with info: {account number: 65******85, account holder name: masoome aghayari, account opener branch: karimkhan-11111, account balance: 20000000, created date: Tue Dec 03 23:40:47 IRST 2024} successfully created
2024-12-03 23:50:56 INFO  - Account with info: {account number: 22******13, account holder name: masoome aghayari, account opener branch: karimkhan-11111, account balance: 20000000, created date: Tue Dec 03 23:50:56 IRST 2024} successfully created
2024-12-03 23:51:02 INFO  - Account with info: {account number: 80******46, account holder name: masoome aghayari, account opener branch: tehranpars-22222, account balance: 1000000, created date: Tue Dec 03 23:51:02 IRST 2024} successfully created
2024-12-04 00:07:09 INFO  - Account with info: {account number: 87******21, account holder name: masoome aghayari, account opener branch: tehranpars-22222, account balance: 1000000, created date: Wed Dec 04 00:07:09 IRST 2024} successfully created
2024-12-04 00:07:13 INFO  - Account with info: {account number: 61******25, account holder name: masoome aghayari, account opener branch: karimkhan-11111, account balance: 20000000, created date: Wed Dec 04 00:07:13 IRST 2024} successfully created
2024-12-04 00:10:39 INFO  - Account with info: {account number: 78******59, account holder name: masoome aghayari, account opener branch: karimkhan-11111, account balance: 20000000, created date: Wed Dec 04 00:10:39 IRST 2024} successfully created
2024-12-04 00:10:45 INFO  - Account with info: {account number: 75******76, account holder name: masoome aghayari, account opener branch: tehranpars-22222, account balance: 1000000, created date: Wed Dec 04 00:10:45 IRST 2024} successfully created
2024-12-04 00:24:59 INFO  - Account with info: {account number: 55******01, account holder name: masoome aghayari, account opener branch: tehranpars-22222, account balance: 1000000, created date: Wed Dec 04 00:24:59 IRST 2024} successfully created
2024-12-04 00:25:04 INFO  - Account with info: {account number: 23******86, account holder name: masoome aghayari, account opener branch: karimkhan-11111, account balance: 20000000, created date: Wed Dec 04 00:25:04 IRST 2024} successfully created
